
Please enter an equation.
Hit <ESC>, or enter an empty equation to exit.
2! ( 3)!
Verifying and parsing the string...
2!(3)!
2! * 3!
2 * 3!
2 * 6
12

Please enter an equation.
Hit <ESC>, or enter an empty equation to exit.
!(4)
Verifying and parsing the string...
Type 7 error: Encountered a binary operator while expecting a number.
The equation was not fully simplified due to an error.

Please enter an equation.
Hit <ESC>, or enter an empty equation to exit.
1
Verifying and parsing the string...
1

Please enter an equation.
Hit <ESC>, or enter an empty equation to exit.


LIBMP2 Ver 1.0 Calls
-LibInput
-LibCheckParens
-LibParse
-LibCheckDone
-LibFindInner
-LibFindOne
-LibSolveOne
-LibGetOp1
-LibGetOp2
