
Please enter an equation.
Hit <ESC>, or enter an empty equation to exit.
-(1)
Verifying and parsing the string...
-(1)
-1
Ä1

Please enter an equation.
Hit <ESC>, or enter an empty equation to exit.
--(1)
Verifying and parsing the string...
--(1)
--1
-Ä1
1

Please enter an equation.
Hit <ESC>, or enter an empty equation to exit.
~(1)
Verifying and parsing the string...
~(1)
~1
Ä2

Please enter an equation.
Hit <ESC>, or enter an empty equation to exit.
--1
Verifying and parsing the string...
-Ä1
1

Please enter an equation.
Hit <ESC>, or enter an empty equation to exit.
~~(1)
Verifying and parsing the string...
~~(1)
~~1
~Ä2
1

Please enter an equation.
Hit <ESC>, or enter an empty equation to exit.
~~1
Verifying and parsing the string...
~~1
~Ä2
1

Please enter an equation.
Hit <ESC>, or enter an empty equation to exit.
-~1
Verifying and parsing the string...
-~1
-Ä2
2

Please enter an equation.
Hit <ESC>, or enter an empty equation to exit.
~-1
Verifying and parsing the string...
~Ä1
0

Please enter an equation.
Hit <ESC>, or enter an empty equation to exit.
-~-~-~-~-~-~-~-~-~-~-~-~-~-~-~-~-~-~-~-~-~-~-~-~-~-~-~-~-~-~-~-~-~-~-~-~-~-~-1
Verifying and parsing the string...
-~-~-~-~-~-~-~-~-~-~-~-~-~-~-~-~-~-~-~-~-~-~-~-~-~-~-~-~-~-~-~-~-~-~-~-~-~-~Ä1
-~-~-~-~-~-~-~-~-~-~-~-~-~-~-~-~-~-~-~-~-~-~-~-~-~-~-~-~-~-~-~-~-~-~-~-~-~-0
-~-~-~-~-~-~-~-~-~-~-~-~-~-~-~-~-~-~-~-~-~-~-~-~-~-~-~-~-~-~-~-~-~-~-~-~-~0
-~-~-~-~-~-~-~-~-~-~-~-~-~-~-~-~-~-~-~-~-~-~-~-~-~-~-~-~-~-~-~-~-~-~-~-~-Ä1
-~-~-~-~-~-~-~-~-~-~-~-~-~-~-~-~-~-~-~-~-~-~-~-~-~-~-~-~-~-~-~-~-~-~-~-~1
-~-~-~-~-~-~-~-~-~-~-~-~-~-~-~-~-~-~-~-~-~-~-~-~-~-~-~-~-~-~-~-~-~-~-~-Ä2
-~-~-~-~-~-~-~-~-~-~-~-~-~-~-~-~-~-~-~-~-~-~-~-~-~-~-~-~-~-~-~-~-~-~-~2
-~-~-~-~-~-~-~-~-~-~-~-~-~-~-~-~-~-~-~-~-~-~-~-~-~-~-~-~-~-~-~-~-~-~-Ä3
-~-~-~-~-~-~-~-~-~-~-~-~-~-~-~-~-~-~-~-~-~-~-~-~-~-~-~-~-~-~-~-~-~-~3
-~-~-~-~-~-~-~-~-~-~-~-~-~-~-~-~-~-~-~-~-~-~-~-~-~-~-~-~-~-~-~-~-~-Ä4
-~-~-~-~-~-~-~-~-~-~-~-~-~-~-~-~-~-~-~-~-~-~-~-~-~-~-~-~-~-~-~-~-~4
-~-~-~-~-~-~-~-~-~-~-~-~-~-~-~-~-~-~-~-~-~-~-~-~-~-~-~-~-~-~-~-~-Ä5
-~-~-~-~-~-~-~-~-~-~-~-~-~-~-~-~-~-~-~-~-~-~-~-~-~-~-~-~-~-~-~-~5
-~-~-~-~-~-~-~-~-~-~-~-~-~-~-~-~-~-~-~-~-~-~-~-~-~-~-~-~-~-~-~-Ä6
-~-~-~-~-~-~-~-~-~-~-~-~-~-~-~-~-~-~-~-~-~-~-~-~-~-~-~-~-~-~-~6
-~-~-~-~-~-~-~-~-~-~-~-~-~-~-~-~-~-~-~-~-~-~-~-~-~-~-~-~-~-~-Ä7
-~-~-~-~-~-~-~-~-~-~-~-~-~-~-~-~-~-~-~-~-~-~-~-~-~-~-~-~-~-~7
-~-~-~-~-~-~-~-~-~-~-~-~-~-~-~-~-~-~-~-~-~-~-~-~-~-~-~-~-~-Ä8
-~-~-~-~-~-~-~-~-~-~-~-~-~-~-~-~-~-~-~-~-~-~-~-~-~-~-~-~-~8
-~-~-~-~-~-~-~-~-~-~-~-~-~-~-~-~-~-~-~-~-~-~-~-~-~-~-~-~-Ä9
-~-~-~-~-~-~-~-~-~-~-~-~-~-~-~-~-~-~-~-~-~-~-~-~-~-~-~-~9
-~-~-~-~-~-~-~-~-~-~-~-~-~-~-~-~-~-~-~-~-~-~-~-~-~-~-~-Ä10
-~-~-~-~-~-~-~-~-~-~-~-~-~-~-~-~-~-~-~-~-~-~-~-~-~-~-~10
-~-~-~-~-~-~-~-~-~-~-~-~-~-~-~-~-~-~-~-~-~-~-~-~-~-~-Ä11
-~-~-~-~-~-~-~-~-~-~-~-~-~-~-~-~-~-~-~-~-~-~-~-~-~-~11
-~-~-~-~-~-~-~-~-~-~-~-~-~-~-~-~-~-~-~-~-~-~-~-~-~-Ä12
-~-~-~-~-~-~-~-~-~-~-~-~-~-~-~-~-~-~-~-~-~-~-~-~-~12
-~-~-~-~-~-~-~-~-~-~-~-~-~-~-~-~-~-~-~-~-~-~-~-~-Ä13
-~-~-~-~-~-~-~-~-~-~-~-~-~-~-~-~-~-~-~-~-~-~-~-~13
-~-~-~-~-~-~-~-~-~-~-~-~-~-~-~-~-~-~-~-~-~-~-~-Ä14
-~-~-~-~-~-~-~-~-~-~-~-~-~-~-~-~-~-~-~-~-~-~-~14
-~-~-~-~-~-~-~-~-~-~-~-~-~-~-~-~-~-~-~-~-~-~-Ä15
-~-~-~-~-~-~-~-~-~-~-~-~-~-~-~-~-~-~-~-~-~-~15
-~-~-~-~-~-~-~-~-~-~-~-~-~-~-~-~-~-~-~-~-~-Ä16
-~-~-~-~-~-~-~-~-~-~-~-~-~-~-~-~-~-~-~-~-~16
-~-~-~-~-~-~-~-~-~-~-~-~-~-~-~-~-~-~-~-~-Ä17
-~-~-~-~-~-~-~-~-~-~-~-~-~-~-~-~-~-~-~-~17
-~-~-~-~-~-~-~-~-~-~-~-~-~-~-~-~-~-~-~-Ä18
-~-~-~-~-~-~-~-~-~-~-~-~-~-~-~-~-~-~-~18
-~-~-~-~-~-~-~-~-~-~-~-~-~-~-~-~-~-~-Ä19
-~-~-~-~-~-~-~-~-~-~-~-~-~-~-~-~-~-~19
-~-~-~-~-~-~-~-~-~-~-~-~-~-~-~-~-~-Ä20
-~-~-~-~-~-~-~-~-~-~-~-~-~-~-~-~-~20
-~-~-~-~-~-~-~-~-~-~-~-~-~-~-~-~-Ä21
-~-~-~-~-~-~-~-~-~-~-~-~-~-~-~-~21
-~-~-~-~-~-~-~-~-~-~-~-~-~-~-~-Ä22
-~-~-~-~-~-~-~-~-~-~-~-~-~-~-~22
-~-~-~-~-~-~-~-~-~-~-~-~-~-~-Ä23
-~-~-~-~-~-~-~-~-~-~-~-~-~-~23
-~-~-~-~-~-~-~-~-~-~-~-~-~-Ä24
-~-~-~-~-~-~-~-~-~-~-~-~-~24
-~-~-~-~-~-~-~-~-~-~-~-~-Ä25
-~-~-~-~-~-~-~-~-~-~-~-~25
-~-~-~-~-~-~-~-~-~-~-~-Ä26
-~-~-~-~-~-~-~-~-~-~-~26
-~-~-~-~-~-~-~-~-~-~-Ä27
-~-~-~-~-~-~-~-~-~-~27
-~-~-~-~-~-~-~-~-~-Ä28
-~-~-~-~-~-~-~-~-~28
-~-~-~-~-~-~-~-~-Ä29
-~-~-~-~-~-~-~-~29
-~-~-~-~-~-~-~-Ä30
-~-~-~-~-~-~-~30
-~-~-~-~-~-~-Ä31
-~-~-~-~-~-~31
-~-~-~-~-~-Ä32
-~-~-~-~-~32
-~-~-~-~-Ä33
-~-~-~-~33
-~-~-~-Ä34
-~-~-~34
-~-~-Ä35
-~-~35
-~-Ä36
-~36
-Ä37
37

Please enter an equation.
Hit <ESC>, or enter an empty equation to exit.
1 * --1
Verifying and parsing the string...
1 * -Ä1
1 * 1
1

Please enter an equation.
Hit <ESC>, or enter an empty equation to exit.
-(-32767 - 1)
Verifying and parsing the string...
-(Ä32767 - 1)
-(Ä32768)
-Ä32768
Type 3 error: Calculation overflow.
The equation was not fully simplified due to an error.

Please enter an equation.
Hit <ESC>, or enter an empty equation to exit.
2
Verifying and parsing the string...
2

Please enter an equation.
Hit <ESC>, or enter an empty equation to exit.
3 + ~
Verifying and parsing the string...
Type 8 error: Encountered end of string while expecting a number.
The equation was not fully simplified due to an error.

Please enter an equation.
Hit <ESC>, or enter an empty equation to exit.


LIBMP2 Ver 1.0 Calls
-LibInput
-LibCheckParens
-LibParse
-LibCheckDone
-LibFindInner
-LibFindOne
-LibSolveOne
-LibGetOp1
-LibGetOp2
